2025-12-19T23:05:25 | touched: LICENSE
2025-04-15T05:34:16 | touched: LICENSE
2026-01-28T08:18:55 | touched: src/main.rs
2026-01-21T06:28:28 | touched: Cargo.toml
2026-01-13T02:09:53 | touched: src/lib.rs
2025-04-02T22:15:32 | touched: src/lib.rs
2025-01-21T06:43:54 | touched: src/lib.rs
2025-08-03T08:37:04 | touched: Cargo.toml
2026-01-05T01:53:12 | touched: README.md
2025-05-06T01:48:49 | touched: src/main.rs
2026-01-20T16:09:18 | touched: src/lib.rs
2025-04-22T07:29:30 | touched: src/lib.rs
2026-02-05T12:21:49 | touched: LICENSE
2025-03-19T04:28:03 | touched: README.md
2026-01-09T08:12:36 | touched: Cargo.toml
2026-01-25T17:13:38 | touched: LICENSE
2025-01-29T14:58:27 | touched: README.md
2024-05-21T13:24:59 | touched: README.md
2024-06-04T10:28:46 | touched: src/main.rs
2025-04-20T03:59:19 | touched: src/lib.rs
2025-11-19T08:50:51 | touched: LICENSE
2025-05-02T10:00:56 | touched: README.md
2025-04-14T04:36:48 | touched: LICENSE
2025-03-08T20:38:16 | touched: src/lib.rs
2025-12-11T11:35:03 | touched: Cargo.toml
2025-02-12T16:03:35 | touched: LICENSE
2025-10-05T13:53:01 | touched: src/lib.rs
2025-12-16T22:32:03 | touched: LICENSE
